#
# A fatal error has been detected by the Java Runtime Environment:
#
#  EXCEPTION_ACCESS_VIOLATION (0xc0000005) at pc=0x6d900236, pid=3628, tid=1072
#
# JRE version: 6.0_31-b05
# Java VM: Java HotSpot(TM) Client VM (20.6-b01 mixed mode windows-x86 )
# Problematic frame:
# V  [jvm.dll+0x110236]
#
# If you would like to submit a bug report, please visit:
#   http://java.sun.com/webapps/bugreport/crash.jsp
#

---------------  T H R E A D  ---------------

Current thread (0x02434c00):  VMThread [stack: 0x00540000,0x00590000] [id=1072]

siginfo: ExceptionCode=0xc0000005, reading address 0x00000000

Registers:
EAX=0x00000000, EBX=0x0058fab8, ECX=0x0058f980, EDX=0x00000000
ESP=0x0058f458, EBP=0x0058f55c, ESI=0x0058f980, EDI=0x00000000
EIP=0x6d900236, EFLAGS=0x00010206

Top of Stack: (sp=0x0058f458)
0x0058f458:   0058fab8 00000200 000007ff 00000000
0x0058f468:   00000000 0058f5b4 6d8ffab5 0000001d
0x0058f478:   0000003f 00000000 0058f5b4 00000029
0x0058f488:   0058f5b4 0058f5a0 6d8fffb7 00000002
0x0058f498:   0058f67c 0058f9f4 6d8ffab5 00000002
0x0058f4a8:   00000013 00000000 0058f9f4 00000029
0x0058f4b8:   0058f9f4 0058f5d0 6d8fffb7 00000000
0x0058f4c8:   0058fab8 0058fab8 6d832ba7 000000c1 

Instructions: (pc=0x6d900236)
0x6d900216:   90 6d ea 01 90 6d cc cc cc cc 55 8b ec 81 ec 00
0x6d900226:   01 00 00 56 8b f1 8b 46 04 c7 46 08 00 00 00 00
0x6d900236:   8b 08 80 79 0a 28 74 24 6a 28 8d 95 00 ff ff ff
0x6d900246:   68 c8 6d a2 6d 52 e8 6f 13 ef ff 50 6a 43 68 68 


Register to memory mapping:

EAX=0x00000000 is an unknown value
EBX=0x0058fab8 is an unknown value
ECX=0x0058f980 is an unknown value
EDX=0x00000000 is an unknown value
ESP=0x0058f458 is an unknown value
EBP=0x0058f55c is an unknown value
ESI=0x0058f980 is an unknown value
EDI=0x00000000 is an unknown value


Stack: [0x00540000,0x00590000],  sp=0x0058f458,  free space=317k
Native frames: (J=compiled Java code, j=interpreted, Vv=VM code, C=native code)
V  [jvm.dll+0x110236]
V  [jvm.dll+0x75212]
V  [jvm.dll+0x760de]
V  [jvm.dll+0x7672c]
V  [jvm.dll+0x76948]
V  [jvm.dll+0x76a55]
V  [jvm.dll+0x4e60b]
V  [jvm.dll+0x4e89d]
V  [jvm.dll+0x4ec1b]
V  [jvm.dll+0x770e6]
V  [jvm.dll+0x8af87]
V  [jvm.dll+0x119f9a]
V  [jvm.dll+0xd1b27]
V  [jvm.dll+0x11d8d3]
V  [jvm.dll+0x11cb9e]
V  [jvm.dll+0x11cec2]
V  [jvm.dll+0x11d2d2]
V  [jvm.dll+0x140ffc]
C  [msvcr71.dll+0x9565]  endthreadex+0xa0
C  [kernel32.dll+0x4ed6c]  BaseThreadInitThunk+0x12
C  [ntdll.dll+0x6377b]  RtlInitializeExceptionChain+0xef
C  [ntdll.dll+0x6374e]  RtlInitializeExceptionChain+0xc2

VM_Operation (0x24d0fbc8): GetOrSetLocal, mode: safepoint, requested by thread 0x02478000


---------------  P R O C E S S  ---------------

Java Threads: ( => current thread )
  0x26ef5800 JavaThread "Thread-1" [_thread_blocked, id=7660, stack(0x27110000,0x27b10000)]
  0x02495800 JavaThread "Low Memory Detector" daemon [_thread_blocked, id=2248, stack(0x26110000,0x26b10000)]
  0x0248c400 JavaThread "C1 CompilerThread0" daemon [_thread_blocked, id=6500, stack(0x23e80000,0x23ed0000)]
  0x0247ac00 JavaThread "JDWP Command Reader" daemon [_thread_in_native, id=4800, stack(0x25710000,0x26110000)]
  0x02479c00 JavaThread "JDWP Event Helper Thread" daemon [_thread_blocked, id=7520, stack(0x24d10000,0x25710000)]
  0x02478000 JavaThread "JDWP Transport Listener: dt_socket" daemon [_thread_blocked, id=488, stack(0x24310000,0x24d10000)]
  0x0246d000 JavaThread "Attach Listener" daemon [_thread_blocked, id=7896, stack(0x23420000,0x23e20000)]
  0x02469c00 JavaThread "Signal Dispatcher" daemon [_thread_blocked, id=4876, stack(0x22a20000,0x23420000)]
  0x0243f000 JavaThread "Finalizer" daemon [_thread_blocked, id=5504, stack(0x22020000,0x22a20000)]
  0x0243a800 JavaThread "Reference Handler" daemon [_thread_blocked, id=7700, stack(0x21620000,0x22020000)]
  0x003ca400 JavaThread "main" [_thread_blocked, id=5700, stack(0x019a0000,0x023a0000)]

Other Threads:
=>0x02434c00 VMThread [stack: 0x00540000,0x00590000] [id=1072]
  0x0249e800 WatcherThread [stack: 0x23ef0000,0x23f40000] [id=5976]

VM state:at safepoint (normal execution)

VM Mutex/Monitor currently owned by a thread:  ([mutex/lock_event])
[0x003c85b0] Threads_lock - owner thread: 0x02434c00

Heap
 def new generation   total 4928K, used 1568K [0x044a0000, 0x049f0000, 0x0c9f0000)
  eden space 4416K,  35% used [0x044a0000, 0x04626b88, 0x048f0000)
  from space 512K,   1% used [0x04970000, 0x04971588, 0x049f0000)
  to   space 512K,   0% used [0x048f0000, 0x048f0000, 0x04970000)
 tenured generation   total 10944K, used 2858K [0x0c9f0000, 0x0d4a0000, 0x1d4a0000)
   the space 10944K,  26% used [0x0c9f0000, 0x0ccba870, 0x0ccbaa00, 0x0d4a0000)
 compacting perm gen  total 12288K, used 9304K [0x1d4a0000, 0x1e0a0000, 0x214a0000)
   the space 12288K,  75% used [0x1d4a0000, 0x1ddb62f0, 0x1ddb6400, 0x1e0a0000)
No shared spaces configured.

Code Cache  [0x024a0000, 0x02678000, 0x044a0000)
 total_blobs=879 nmethods=742 adapters=80 free_code_cache=31727424 largest_free_block=24320

Dynamic libraries:
0x00400000 - 0x00425000 	C:\RepastSimphony-2.0\eclipse\jre\bin\javaw.exe
0x77b00000 - 0x77c3c000 	C:\Windows\SYSTEM32\ntdll.dll
0x77270000 - 0x77344000 	C:\Windows\system32\kernel32.dll
0x75f00000 - 0x75f4a000 	C:\Windows\system32\KERNELBASE.dll
0x77610000 - 0x776b0000 	C:\Windows\system32\ADVAPI32.dll
0x76fe0000 - 0x7708c000 	C:\Windows\system32\msvcrt.dll
0x77850000 - 0x77869000 	C:\Windows\SYSTEM32\sechost.dll
0x76280000 - 0x76321000 	C:\Windows\system32\RPCRT4.dll
0x761b0000 - 0x76279000 	C:\Windows\system32\USER32.dll
0x76340000 - 0x7638e000 	C:\Windows\system32\GDI32.dll
0x770c0000 - 0x770ca000 	C:\Windows\system32\LPK.dll
0x778d0000 - 0x7796d000 	C:\Windows\system32\USP10.dll
0x77c90000 - 0x77caf000 	C:\Windows\system32\IMM32.DLL
0x773e0000 - 0x774ac000 	C:\Windows\system32\MSCTF.dll
0x7c340000 - 0x7c396000 	C:\RepastSimphony-2.0\eclipse\jre\bin\msvcr71.dll
0x6d7f0000 - 0x6da9f000 	C:\RepastSimphony-2.0\eclipse\jre\bin\client\jvm.dll
0x74340000 - 0x74372000 	C:\Windows\system32\WINMM.dll
0x75b80000 - 0x75bcc000 	C:\Windows\system32\apphelp.dll
0x6d7a0000 - 0x6d7ac000 	C:\RepastSimphony-2.0\eclipse\jre\bin\verify.dll
0x6d320000 - 0x6d33f000 	C:\RepastSimphony-2.0\eclipse\jre\bin\java.dll
0x6d370000 - 0x6d399000 	C:\RepastSimphony-2.0\eclipse\jre\bin\jdwp.dll
0x6d690000 - 0x6d696000 	C:\RepastSimphony-2.0\eclipse\jre\bin\npt.dll
0x6d7e0000 - 0x6d7ef000 	C:\RepastSimphony-2.0\eclipse\jre\bin\zip.dll
0x6d200000 - 0x6d207000 	C:\RepastSimphony-2.0\eclipse\jre\bin\dt_socket.dll
0x770d0000 - 0x77105000 	C:\Windows\system32\WS2_32.dll
0x775f0000 - 0x775f6000 	C:\Windows\system32\NSI.dll
0x74330000 - 0x74340000 	C:\Windows\system32\NLAapi.dll
0x72cd0000 - 0x72ce0000 	C:\Windows\system32\napinsp.dll
0x72c90000 - 0x72ca2000 	C:\Windows\system32\pnrpnsp.dll
0x756c0000 - 0x756fc000 	C:\Windows\System32\mswsock.dll
0x75550000 - 0x75594000 	C:\Windows\system32\DNSAPI.dll
0x72ce0000 - 0x72ce8000 	C:\Windows\System32\winrnr.dll
0x72d40000 - 0x72d61000 	C:\Program Files\Bonjour\mdnsNSP.dll
0x73820000 - 0x7383c000 	C:\Windows\system32\Iphlpapi.DLL
0x73810000 - 0x73817000 	C:\Windows\system32\WINNSI.DLL
0x73340000 - 0x73378000 	C:\Windows\System32\fwpuclnt.dll
0x72d30000 - 0x72d36000 	C:\Windows\system32\rasadhlp.dll
0x75120000 - 0x75125000 	C:\Windows\System32\wshtcpip.dll
0x77600000 - 0x77605000 	C:\Windows\system32\PSAPI.DLL

VM Arguments:
jvm_args: -agentlib:jdwp=transport=dt_socket,suspend=y,address=localhost:50931 -Xss10M -Xmx400M -Dfile.encoding=Cp1252 
java_command: repast.simphony.runtime.RepastBatchMain -params C:\RepastSimphony-2.0\workspace\AESim\batch\batch_params.xml C:\RepastSimphony-2.0\workspace\AESim/AESim.rs
Launcher Type: SUN_STANDARD

Environment Variables:
PATH=C:\RepastSimphony-2.0\eclipse\jre\bin;C:/RepastSimphony-2.0/eclipse/jre/bin/client;C:/RepastSimphony-2.0/eclipse/jre/bin;C:/RepastSimphony-2.0/eclipse/jre/lib/i386;c:\Program Files\AMD APP\bin\x86;C:\Windows\system32;C:\Windows;C:\Windows\System32\Wbem;C:\Windows\System32\WindowsPowerShell\v1.0\;C:\Program Files\MATLAB\R2012b\runtime\win32;C:\Program Files\MATLAB\R2012b\bin;C:\RepastSimphony-2.0;
USERNAME=pescuder
OS=Windows_NT
PROCESSOR_IDENTIFIER=x86 Family 6 Model 42 Stepping 7, GenuineIntel



---------------  S Y S T E M  ---------------

OS: Windows 7 Build 7601 Service Pack 1

CPU:total 4 (4 cores per cpu, 1 threads per core) family 6 model 42 stepping 7, cmov, cx8, fxsr, mmx, sse, sse2, sse3, ssse3, sse4.1, sse4.2, popcnt

Memory: 4k page, physical 3659808k(1936036k free), swap 7317864k(5406608k free)

vm_info: Java HotSpot(TM) Client VM (20.6-b01) for windows-x86 JRE (1.6.0_31-b05), built on Feb  3 2012 18:44:09 by "java_re" with MS VC++ 7.1 (VS2003)

time: Mon Dec 03 10:33:37 2012
elapsed time: 789 seconds

