#
# A fatal error has been detected by the Java Runtime Environment:
#
#  EXCEPTION_ACCESS_VIOLATION (0xc0000005) at pc=0x264afc32, pid=5112, tid=5308
#
# JRE version: 6.0_31-b05
# Java VM: Java HotSpot(TM) Client VM (20.6-b01 mixed mode windows-x86 )
# Problematic frame:
# C  0x264afc32
#
# If you would like to submit a bug report, please visit:
#   http://java.sun.com/webapps/bugreport/crash.jsp
# The crash happened outside the Java Virtual Machine in native code.
# See problematic frame for where to report the bug.
#

---------------  T H R E A D  ---------------

Current thread (0x248b8000):  JavaThread "AWT-EventQueue-0" [_thread_in_native, id=5308, stack(0x2d0a0000,0x2daa0000)]

siginfo: ExceptionCode=0xc0000005, reading address 0x00000000

Registers:
EAX=0x31e250ac, EBX=0x30a40000, ECX=0x00000000, EDX=0x00000066
ESP=0x2da9ef98, EBP=0x2da9efa4, ESI=0x00000000, EDI=0x00000000
EIP=0x264afc32, EFLAGS=0x00010206

Top of Stack: (sp=0x2da9ef98)
0x2da9ef98:   00000066 30a40000 000000c2 2da9efd4
0x2da9efa8:   69d32832 30a40000 31e250a8 00000000
0x2da9efb8:   00000066 31cf0020 00000000 264afc00
0x2da9efc8:   00000066 00000000 00000005 2da9eff0
0x2da9efd8:   69d32967 00000007 00000000 000000c2
0x2da9efe8:   00000007 30a40000 2da9f014 6963cbce
0x2da9eff8:   30a40000 00000007 00000000 00000128
0x2da9f008:   248b8000 00000128 00000000 2da9f028 

Instructions: (pc=0x264afc32)
0x264afc12:   8d 3c 92 c1 e7 12 8d b7 40 16 00 40 89 30 83 c0
0x264afc22:   04 8b 35 08 6f a6 30 8b 76 04 8d 3c 49 8d 34 be
0x264afc32:   8b 3e 8b 6e 04 89 38 89 68 04 8b 7e 08 89 78 08
0x264afc42:   8b 35 08 6f a6 30 8b b6 38 01 00 00 8d 34 ce 8b 


Register to memory mapping:

EAX=0x31e250ac is an unknown value
EBX=0x30a40000 is an unknown value
ECX=0x00000000 is an unknown value
EDX=0x00000066 is an unknown value
ESP=0x2da9ef98 is pointing into the stack for thread: 0x248b8000
EBP=0x2da9efa4 is pointing into the stack for thread: 0x248b8000
ESI=0x00000000 is an unknown value
EDI=0x00000000 is an unknown value


Stack: [0x2d0a0000,0x2daa0000],  sp=0x2da9ef98,  free space=10235k
Native frames: (J=compiled Java code, j=interpreted, Vv=VM code, C=native code)

[error occurred during error reporting (printing native stack), id 0xc0000005]

Java frames: (J=compiled Java code, j=interpreted, Vv=VM code)
J  com.sun.opengl.impl.GLImpl.glDrawArrays(III)V
J  com.sun.opengl.util.j2d.TextRenderer$Pipelined_QuadRenderer.drawVertexArrays()V
J  com.sun.opengl.util.j2d.TextRenderer.endRendering(Z)V
J  saf.v3d.scene.VLabelLayer.doDraw(Ljavax/media/opengl/GL;Lsaf/v3d/render/RenderState;)V
J  saf.v3d.scene.VSpatial.draw(Ljavax/media/opengl/GL;Lsaf/v3d/render/RenderState;)V
J  saf.v3d.scene.VComposite.doDraw(Ljavax/media/opengl/GL;Lsaf/v3d/render/RenderState;)V
J  saf.v3d.scene.VSpatial.draw(Ljavax/media/opengl/GL;Lsaf/v3d/render/RenderState;)V
J  saf.v3d.Canvas2D.display(Ljavax/media/opengl/GLAutoDrawable;)V
J  com.sun.opengl.impl.GLDrawableHelper.display(Ljavax/media/opengl/GLAutoDrawable;)V
J  javax.media.opengl.GLCanvas$DisplayAction.run()V
J  com.sun.opengl.impl.GLDrawableHelper.invokeGL(Ljavax/media/opengl/GLDrawable;Ljavax/media/opengl/GLContext;Ljava/lang/Runnable;Ljava/lang/Runnable;)V
J  javax.media.opengl.GLCanvas.maybeDoSingleThreadedWorkaround(Ljava/lang/Runnable;Ljava/lang/Runnable;)V
J  repast.simphony.visualizationOGL2D.DisplayOGL2D$1.run()V
J  java.awt.event.InvocationEvent.dispatch()V
J  java.awt.EventQueue.dispatchEventImpl(Ljava/awt/AWTEvent;Ljava/lang/Object;)V
J  java.awt.EventQueue$1.run()Ljava/lang/Object;
v  ~StubRoutines::call_stub
J  java.security.AccessController.doPrivileged(Ljava/security/PrivilegedAction;Ljava/security/AccessControlContext;)Ljava/lang/Object;
J  java.awt.EventQueue.dispatchEvent(Ljava/awt/AWTEvent;)V
J  java.awt.EventDispatchThread.pumpOneEventForFilters(I)Z
J  java.awt.EventDispatchThread.pumpEventsForFilter(ILjava/awt/Conditional;Ljava/awt/EventFilter;)V
j  java.awt.EventDispatchThread.pumpEventsForHierarchy(ILjava/awt/Conditional;Ljava/awt/Component;)V+11
j  java.awt.EventDispatchThread.pumpEvents(ILjava/awt/Conditional;)V+4
j  java.awt.EventDispatchThread.pumpEvents(Ljava/awt/Conditional;)V+3
j  java.awt.EventDispatchThread.run()V+9
v  ~StubRoutines::call_stub

---------------  P R O C E S S  ---------------

Java Threads: ( => current thread )
  0x2c974000 JavaThread "Thread-4" [_thread_blocked, id=716, stack(0x32670000,0x33070000)]
  0x2c8e1400 JavaThread "D3D Screen Updater" daemon [_thread_blocked, id=5544, stack(0x2e3d0000,0x2edd0000)]
  0x01aaa000 JavaThread "DestroyJavaVM" [_thread_blocked, id=1664, stack(0x01ab0000,0x024b0000)]
=>0x248b8000 JavaThread "AWT-EventQueue-0" [_thread_in_native, id=5308, stack(0x2d0a0000,0x2daa0000)]
  0x24dd3800 JavaThread "AWT-Shutdown" [_thread_blocked, id=5328, stack(0x2b330000,0x2bd30000)]
  0x24d76400 JavaThread "TimerQueue" daemon [_thread_blocked, id=4796, stack(0x2bd30000,0x2c730000)]
  0x24c18800 JavaThread "AWT-Windows" daemon [_thread_in_native, id=4472, stack(0x264c0000,0x26ec0000)]
  0x24c17c00 JavaThread "Java2D Disposer" daemon [_thread_blocked, id=4080, stack(0x250c0000,0x25ac0000)]
  0x019d2c00 JavaThread "Low Memory Detector" daemon [_thread_blocked, id=3956, stack(0x23df0000,0x247f0000)]
  0x019ce000 JavaThread "C1 CompilerThread0" daemon [_thread_blocked, id=1020, stack(0x23da0000,0x23df0000)]
  0x019cb000 JavaThread "Attach Listener" daemon [_thread_blocked, id=2728, stack(0x233a0000,0x23da0000)]
  0x019c8000 JavaThread "Signal Dispatcher" daemon [_thread_blocked, id=2076, stack(0x229a0000,0x233a0000)]
  0x0199e000 JavaThread "Finalizer" daemon [_thread_blocked, id=1236, stack(0x21fa0000,0x229a0000)]
  0x01999400 JavaThread "Reference Handler" daemon [_thread_blocked, id=4352, stack(0x215a0000,0x21fa0000)]

Other Threads:
  0x01994c00 VMThread [stack: 0x01a30000,0x01a80000] [id=844]
  0x019e6000 WatcherThread [stack: 0x247f0000,0x24840000] [id=508]

VM state:not at safepoint (normal execution)

VM Mutex/Monitor currently owned by a thread: None

Heap
 def new generation   total 96704K, used 51887K [0x044b0000, 0x0ad90000, 0x0ca00000)
  eden space 86016K,  59% used [0x044b0000, 0x07693ef0, 0x098b0000)
  from space 10688K,   7% used [0x0a320000, 0x0a3e7e68, 0x0ad90000)
  to   space 10688K,   0% used [0x098b0000, 0x098b0000, 0x0a320000)
 tenured generation   total 214692K, used 38127K [0x0ca00000, 0x19ba9000, 0x1d4b0000)
   the space 214692K,  17% used [0x0ca00000, 0x0ef3bda8, 0x0ef3be00, 0x19ba9000)
 compacting perm gen  total 27648K, used 27593K [0x1d4b0000, 0x1efb0000, 0x214b0000)
   the space 27648K,  99% used [0x1d4b0000, 0x1efa27b0, 0x1efa2800, 0x1efb0000)
No shared spaces configured.

Code Cache  [0x024b0000, 0x029a0000, 0x044b0000)
 total_blobs=3088 nmethods=2709 adapters=314 free_code_cache=28386112 largest_free_block=256

Dynamic libraries:
0x00400000 - 0x00425000 	C:\RepastSimphony-2.0\eclipse\jre\bin\javaw.exe
0x77ca0000 - 0x77ddc000 	C:\Windows\SYSTEM32\ntdll.dll
0x77b30000 - 0x77c04000 	C:\Windows\system32\kernel32.dll
0x75f20000 - 0x75f6b000 	C:\Windows\system32\KERNELBASE.dll
0x760f0000 - 0x76190000 	C:\Windows\system32\ADVAPI32.dll
0x77730000 - 0x777dc000 	C:\Windows\system32\msvcrt.dll
0x76530000 - 0x76549000 	C:\Windows\SYSTEM32\sechost.dll
0x76480000 - 0x76521000 	C:\Windows\system32\RPCRT4.dll
0x76190000 - 0x76259000 	C:\Windows\system32\USER32.dll
0x77400000 - 0x7744e000 	C:\Windows\system32\GDI32.dll
0x77720000 - 0x7772a000 	C:\Windows\system32\LPK.dll
0x77de0000 - 0x77e7d000 	C:\Windows\system32\USP10.dll
0x762c0000 - 0x762df000 	C:\Windows\system32\IMM32.DLL
0x77330000 - 0x773fc000 	C:\Windows\system32\MSCTF.dll
0x7c340000 - 0x7c396000 	C:\RepastSimphony-2.0\eclipse\jre\bin\msvcr71.dll
0x6d7f0000 - 0x6da9f000 	C:\RepastSimphony-2.0\eclipse\jre\bin\client\jvm.dll
0x72fe0000 - 0x73012000 	C:\Windows\system32\WINMM.dll
0x75d20000 - 0x75d6c000 	C:\Windows\system32\apphelp.dll
0x6d7a0000 - 0x6d7ac000 	C:\RepastSimphony-2.0\eclipse\jre\bin\verify.dll
0x6d320000 - 0x6d33f000 	C:\RepastSimphony-2.0\eclipse\jre\bin\java.dll
0x6d7e0000 - 0x6d7ef000 	C:\RepastSimphony-2.0\eclipse\jre\bin\zip.dll
0x6d000000 - 0x6d14c000 	C:\RepastSimphony-2.0\eclipse\jre\bin\awt.dll
0x75330000 - 0x75381000 	C:\Windows\system32\WINSPOOL.DRV
0x76550000 - 0x766ac000 	C:\Windows\system32\ole32.dll
0x74a60000 - 0x74bfe000 	C:\Windows\WinSxS\x86_microsoft.windows.common-controls_6595b64144ccf1df_6.0.7601.17514_none_41e6975e2bd6f2b2\COMCTL32.dll
0x76260000 - 0x762b7000 	C:\Windows\system32\SHLWAPI.dll
0x73b20000 - 0x73b33000 	C:\Windows\system32\DWMAPI.DLL
0x748e0000 - 0x74920000 	C:\Windows\system32\uxtheme.dll
0x75d70000 - 0x75d7c000 	C:\Windows\system32\CRYPTBASE.dll
0x74460000 - 0x74623000 	C:\Windows\system32\d3d9.dll
0x75390000 - 0x75399000 	C:\Windows\system32\VERSION.dll
0x72b10000 - 0x72b16000 	C:\Windows\system32\d3d8thk.dll
0x27960000 - 0x284e3000 	C:\Windows\system32\nvd3dum.dll
0x6d230000 - 0x6d27f000 	C:\RepastSimphony-2.0\eclipse\jre\bin\fontmanager.dll
0x749d0000 - 0x749f5000 	C:\Windows\system32\powrprof.dll
0x762e0000 - 0x7647d000 	C:\Windows\system32\SETUPAPI.dll
0x76090000 - 0x760b7000 	C:\Windows\system32\CFGMGR32.dll
0x77550000 - 0x775df000 	C:\Windows\system32\OLEAUT32.dll
0x75e70000 - 0x75e82000 	C:\Windows\system32\DEVOBJ.dll
0x766b0000 - 0x772fa000 	C:\Windows\system32\shell32.dll
0x6d600000 - 0x6d613000 	C:\RepastSimphony-2.0\eclipse\jre\bin\net.dll
0x77a50000 - 0x77a85000 	C:\Windows\system32\WS2_32.dll
0x777e0000 - 0x777e6000 	C:\Windows\system32\NSI.dll
0x75860000 - 0x7589c000 	C:\Windows\system32\mswsock.dll
0x75850000 - 0x75856000 	C:\Windows\System32\wship6.dll
0x6d620000 - 0x6d629000 	C:\RepastSimphony-2.0\eclipse\jre\bin\nio.dll
0x77c10000 - 0x77c93000 	C:\Windows\system32\CLBCatQ.DLL
0x758a0000 - 0x758b6000 	C:\Windows\system32\CRYPTSP.dll
0x75610000 - 0x7564b000 	C:\Windows\system32\rsaenh.dll
0x75400000 - 0x75417000 	C:\Windows\system32\USERENV.dll
0x75df0000 - 0x75dfb000 	C:\Windows\system32\profapi.dll
0x74930000 - 0x74940000 	C:\Windows\system32\NLAapi.dll
0x72f50000 - 0x72f60000 	C:\Windows\system32\napinsp.dll
0x72c10000 - 0x72c22000 	C:\Windows\system32\pnrpnsp.dll
0x75720000 - 0x75764000 	C:\Windows\system32\DNSAPI.dll
0x72f60000 - 0x72f68000 	C:\Windows\System32\winrnr.dll
0x730b0000 - 0x730d1000 	C:\Program Files\Bonjour\mdnsNSP.dll
0x739c0000 - 0x739dc000 	C:\Windows\system32\Iphlpapi.DLL
0x739b0000 - 0x739b7000 	C:\Windows\system32\WINNSI.DLL
0x75280000 - 0x75285000 	C:\Windows\System32\wshtcpip.dll
0x730a0000 - 0x730a6000 	C:\Windows\system32\rasadhlp.dll
0x738f0000 - 0x73928000 	C:\Windows\System32\fwpuclnt.dll
0x30960000 - 0x309ad000 	C:\RepastSimphony-2.0\eclipse\jre\bin\jogl.dll
0x6fa00000 - 0x6fac8000 	C:\Windows\system32\OPENGL32.dll
0x6fce0000 - 0x6fd02000 	C:\Windows\system32\GLU32.dll
0x62de0000 - 0x62ec7000 	C:\Windows\system32\DDRAW.dll
0x72b00000 - 0x72b06000 	C:\Windows\system32\DCIMAN32.dll
0x6d350000 - 0x6d356000 	C:\RepastSimphony-2.0\eclipse\jre\bin\jawt.dll
0x26490000 - 0x26495000 	C:\RepastSimphony-2.0\eclipse\jre\bin\jogl_awt.dll
0x69500000 - 0x6a4d6000 	C:\Windows\system32\nvoglv32.DLL
0x32570000 - 0x32575000 	C:\Windows\system32\PSAPI.DLL

VM Arguments:
jvm_args: -Xss10M -Xmx400M -Dfile.encoding=Cp1252 
java_command: repast.simphony.runtime.RepastMain C:\RepastSimphony-2.0\workspace\AESim/AESim.rs
Launcher Type: SUN_STANDARD

Environment Variables:
OS=Windows_NT
PROCESSOR_IDENTIFIER=x86 Family 6 Model 42 Stepping 7, GenuineIntel



---------------  S Y S T E M  ---------------

OS: Windows 7 Build 7601 Service Pack 1

CPU:total 4 (4 cores per cpu, 1 threads per core) family 6 model 42 stepping 7, cmov, cx8, fxsr, mmx, sse, sse2, sse3, ssse3, sse4.1, sse4.2, popcnt

Memory: 4k page, physical 3659808k(686876k free), swap 7317864k(3441808k free)

vm_info: Java HotSpot(TM) Client VM (20.6-b01) for windows-x86 JRE (1.6.0_31-b05), built on Feb  3 2012 18:44:09 by "java_re" with MS VC++ 7.1 (VS2003)

time: Mon Aug 12 07:06:50 2013
elapsed time: 608 seconds

