#
# A fatal error has been detected by the Java Runtime Environment:
#
#  EXCEPTION_ACCESS_VIOLATION (0xc0000005) at pc=0x25c0fc51, pid=3808, tid=7308
#
# JRE version: 6.0_31-b05
# Java VM: Java HotSpot(TM) Client VM (20.6-b01 mixed mode windows-x86 )
# Problematic frame:
# 
[error occurred during error reporting (printing problematic frame), id 0xc0000005]

# If you would like to submit a bug report, please visit:
#   http://java.sun.com/webapps/bugreport/crash.jsp
# The crash happened outside the Java Virtual Machine in native code.
# See problematic frame for where to report the bug.
#

---------------  T H R E A D  ---------------

Current thread (0x24bfc400):  JavaThread "AWT-EventQueue-0" [_thread_in_native, id=7308, stack(0x2c580000,0x2cf80000)]

siginfo: ExceptionCode=0xc0000005, reading address 0x7f68f000

Registers:
EAX=0x2f1b98a8, EBX=0x31060000, ECX=0x00000056, EDX=0x00000010
ESP=0x2cf7f260, EBP=0x41c80000, ESI=0x7f68f000, EDI=0x00000000
EIP=0x25c0fc51, EFLAGS=0x00010202

Top of Stack: (sp=0x2cf7f260)
0x2cf7f260:   00000066 31060000 000000da 2cf7f29c
0x2cf7f270:   69d32832 31060000 2f1b91ec 00000000
0x2cf7f280:   00000066 310c0020 00000001 25c0fc00
0x2cf7f290:   00000066 00000000 00000005 2cf7f2b8
0x2cf7f2a0:   69d32967 00000007 00000000 000000da
0x2cf7f2b0:   310866d8 31060000 2cf7f370 69d34f53
0x2cf7f2c0:   31060000 00000007 00000000 00000140
0x2cf7f2d0:   31060000 00000003 00080000 00000000 

Instructions: (pc=0x25c0fc51)
0x25c0fc31:   be 8b 3e 8b 6e 04 89 38 89 68 04 8b 7e 08 89 78
0x25c0fc41:   08 8b 35 08 6f 08 31 8b b6 38 01 00 00 8d 34 ce
0x25c0fc51:   8b 3e 8b 6e 04 89 78 0c 89 68 10 83 c0 14 41 4a
0x25c0fc61:   75 c0 5f 5e 5b 5d c3 00 00 00 00 00 00 00 00 00 


Register to memory mapping:

EAX=0x2f1b98a8 is an unknown value
EBX=0x31060000 is an unknown value
ECX=0x00000056 is an unknown value
EDX=0x00000010 is an unknown value
ESP=0x2cf7f260 is pointing into the stack for thread: 0x24bfc400
EBP=0x41c80000 is an unknown value
ESI=0x7f68f000 is an unknown value
EDI=0x00000000 is an unknown value


Stack: [0x2c580000,0x2cf80000],  sp=0x2cf7f260,  free space=10236k
Native frames: (J=compiled Java code, j=interpreted, Vv=VM code, C=native code)

[error occurred during error reporting (printing native stack), id 0xc0000005]

Java frames: (J=compiled Java code, j=interpreted, Vv=VM code)
J  com.sun.opengl.impl.GLImpl.glDrawArrays(III)V
J  com.sun.opengl.util.j2d.TextRenderer$Pipelined_QuadRenderer.drawVertexArrays()V
J  com.sun.opengl.util.j2d.TextRenderer.endRendering(Z)V
J  saf.v3d.scene.VLabelLayer.doDraw(Ljavax/media/opengl/GL;Lsaf/v3d/render/RenderState;)V
J  saf.v3d.scene.VSpatial.draw(Ljavax/media/opengl/GL;Lsaf/v3d/render/RenderState;)V
J  saf.v3d.scene.VComposite.doDraw(Ljavax/media/opengl/GL;Lsaf/v3d/render/RenderState;)V
J  saf.v3d.scene.VSpatial.draw(Ljavax/media/opengl/GL;Lsaf/v3d/render/RenderState;)V
J  saf.v3d.Canvas2D.display(Ljavax/media/opengl/GLAutoDrawable;)V
J  com.sun.opengl.impl.GLDrawableHelper.display(Ljavax/media/opengl/GLAutoDrawable;)V
J  javax.media.opengl.GLCanvas$DisplayAction.run()V
J  com.sun.opengl.impl.GLDrawableHelper.invokeGL(Ljavax/media/opengl/GLDrawable;Ljavax/media/opengl/GLContext;Ljava/lang/Runnable;Ljava/lang/Runnable;)V
J  javax.media.opengl.GLCanvas.maybeDoSingleThreadedWorkaround(Ljava/lang/Runnable;Ljava/lang/Runnable;)V
J  repast.simphony.visualizationOGL2D.DisplayOGL2D$1.run()V
J  java.awt.event.InvocationEvent.dispatch()V
J  java.awt.EventQueue.dispatchEventImpl(Ljava/awt/AWTEvent;Ljava/lang/Object;)V
J  java.awt.EventQueue$1.run()Ljava/lang/Object;
v  ~StubRoutines::call_stub
J  java.security.AccessController.doPrivileged(Ljava/security/PrivilegedAction;Ljava/security/AccessControlContext;)Ljava/lang/Object;
J  java.awt.EventQueue.dispatchEvent(Ljava/awt/AWTEvent;)V
J  java.awt.EventDispatchThread.pumpOneEventForFilters(I)Z
J  java.awt.EventDispatchThread.pumpEventsForFilter(ILjava/awt/Conditional;Ljava/awt/EventFilter;)V
j  java.awt.EventDispatchThread.pumpEventsForHierarchy(ILjava/awt/Conditional;Ljava/awt/Component;)V+11
j  java.awt.EventDispatchThread.pumpEvents(ILjava/awt/Conditional;)V+4
j  java.awt.EventDispatchThread.pumpEvents(Ljava/awt/Conditional;)V+3
j  java.awt.EventDispatchThread.run()V+9
v  ~StubRoutines::call_stub

---------------  P R O C E S S  ---------------

Java Threads: ( => current thread )
  0x2bf6ac00 JavaThread "Thread-4" [_thread_blocked, id=7804, stack(0x31a40000,0x32440000)]
  0x24de9400 JavaThread "D3D Screen Updater" daemon [_thread_blocked, id=6988, stack(0x2d8b0000,0x2e2b0000)]
  0x001fa000 JavaThread "DestroyJavaVM" [_thread_blocked, id=6712, stack(0x01920000,0x02320000)]
=>0x24bfc400 JavaThread "AWT-EventQueue-0" [_thread_in_native, id=7308, stack(0x2c580000,0x2cf80000)]
  0x24bfbc00 JavaThread "AWT-Shutdown" [_thread_blocked, id=7860, stack(0x2a750000,0x2b150000)]
  0x24c49000 JavaThread "TimerQueue" daemon [_thread_blocked, id=6076, stack(0x2b150000,0x2bb50000)]
  0x249db800 JavaThread "AWT-Windows" daemon [_thread_in_native, id=7196, stack(0x26510000,0x26f10000)]
  0x249dac00 JavaThread "Java2D Disposer" daemon [_thread_blocked, id=7324, stack(0x25110000,0x25b10000)]
  0x023f5000 JavaThread "Low Memory Detector" daemon [_thread_blocked, id=6172, stack(0x23df0000,0x247f0000)]
  0x023ee400 JavaThread "C1 CompilerThread0" daemon [_thread_blocked, id=3672, stack(0x23da0000,0x23df0000)]
  0x023eb400 JavaThread "Attach Listener" daemon [_thread_blocked, id=4688, stack(0x233a0000,0x23da0000)]
  0x023e8400 JavaThread "Signal Dispatcher" daemon [_thread_blocked, id=6056, stack(0x229a0000,0x233a0000)]
  0x023bf400 JavaThread "Finalizer" daemon [_thread_blocked, id=4972, stack(0x21fa0000,0x229a0000)]
  0x023ba400 JavaThread "Reference Handler" daemon [_thread_blocked, id=7832, stack(0x215a0000,0x21fa0000)]

Other Threads:
  0x023b5800 VMThread [stack: 0x00200000,0x00250000] [id=1948]
  0x02406c00 WatcherThread [stack: 0x247f0000,0x24840000] [id=5696]

VM state:not at safepoint (normal execution)

VM Mutex/Monitor currently owned by a thread: None

Heap
 def new generation   total 58048K, used 2448K [0x04420000, 0x08310000, 0x0c970000)
  eden space 51648K,   2% used [0x04420000, 0x04580c28, 0x07690000)
  from space 6400K,  16% used [0x07cd0000, 0x07dd3780, 0x08310000)
  to   space 6400K,   0% used [0x07690000, 0x07690000, 0x07cd0000)
 tenured generation   total 128780K, used 50721K [0x0c970000, 0x14733000, 0x1d420000)
   the space 128780K,  39% used [0x0c970000, 0x0faf8438, 0x0faf8600, 0x14733000)
 compacting perm gen  total 28416K, used 28199K [0x1d420000, 0x1efe0000, 0x21420000)
   the space 28416K,  99% used [0x1d420000, 0x1efa9c68, 0x1efa9e00, 0x1efe0000)
No shared spaces configured.

Code Cache  [0x02420000, 0x029f0000, 0x04420000)
 total_blobs=3634 nmethods=3233 adapters=335 free_code_cache=27466624 largest_free_block=192

Dynamic libraries:

[error occurred during error reporting (printing dynamic libraries), id 0xc0000005]

VM Arguments:
jvm_args: -Xss10M -Xmx400M -Dfile.encoding=Cp1252 
java_command: repast.simphony.runtime.RepastMain C:\RepastSimphony-2.0\workspace\AESim/AESim.rs
Launcher Type: SUN_STANDARD

Environment Variables:
OS=Windows_NT
PROCESSOR_IDENTIFIER=x86 Family 6 Model 42 Stepping 7, GenuineIntel



---------------  S Y S T E M  ---------------

OS: Windows 7 Build 7601 Service Pack 1

CPU:total 4 (4 cores per cpu, 1 threads per core) family 6 model 42 stepping 7, cmov, cx8, fxsr, mmx, sse, sse2, sse3, ssse3, sse4.1, sse4.2, popcnt

Memory: 4k page, physical 3659808k(715252k free), swap 7317864k(2724148k free)

vm_info: Java HotSpot(TM) Client VM (20.6-b01) for windows-x86 JRE (1.6.0_31-b05), built on Feb  3 2012 18:44:09 by "java_re" with MS VC++ 7.1 (VS2003)

time: Sat Jun 15 16:33:22 2013
elapsed time: 692 seconds

